<?xml version="1.0" encoding="UTF-8"?>
<!-- Generated by org.testng.reporters.JUnitReportReporter -->
<testsuite hostname="SHI58495EU1003F" name="Parameters.ParameterBasic" tests="1" failures="0" timestamp="26 Jul 2017 18:14:46 GMT" time="20.638" errors="0">
  <testcase name="startW" time="20.638" classname="Parameters.ParameterBasic"/>
</testsuite> <!-- Parameters.ParameterBasic -->
