<?xml version="1.0" encoding="UTF-8"?>
<!-- Generated by org.testng.reporters.JUnitReportReporter -->
<testsuite hostname="SHI58495EU1003F" name="test.LoginScenario" tests="1" failures="0" timestamp="5 Jul 2017 19:12:11 GMT" time="36.190" errors="0">
  <testcase name="testLogin" time="36.190" classname="test.LoginScenario"/>
</testsuite> <!-- test.LoginScenario -->
