<?xml version="1.0" encoding="UTF-8"?>
<!-- Generated by org.testng.reporters.JUnitReportReporter -->
<testsuite hostname="SHI58495EU1003F" name="reportNg.REportNg" tests="2" failures="0" timestamp="15 Jan 2018 11:13:47 GMT" time="0.034" errors="0">
  <testcase name="firstTest" time="0.033" classname="reportNg.REportNg"/>
  <testcase name="secondTest" time="0.001" classname="reportNg.REportNg"/>
</testsuite> <!-- reportNg.REportNg -->
