<?xml version="1.0" encoding="UTF-8"?>
<!-- Generated by org.testng.reporters.JUnitReportReporter -->
<testsuite name="SSLCertificate.GmailUnread" tests="1" time="36.753" ignored="0" failures="0" timestamp="30 Sep 2017 20:01:12 GMT" skipped="0" hostname="SHI58495EU1003F" errors="0">
  <testcase name="deleteUnread" time="36.753" classname="SSLCertificate.GmailUnread"/>
</testsuite> <!-- SSLCertificate.GmailUnread -->
