<?xml version="1.0" encoding="UTF-8"?>
<!-- Generated by org.testng.reporters.JUnitReportReporter -->
<testsuite name="DynamicTable.DynamicRowCol" tests="1" time="26.610" ignored="0" failures="0" timestamp="30 Jul 2017 07:11:50 GMT" skipped="0" hostname="SHI58495EU1003F" errors="0">
  <testcase name="m1" time="26.610" classname="DynamicTable.DynamicRowCol"/>
</testsuite> <!-- DynamicTable.DynamicRowCol -->
