<?xml version="1.0" encoding="UTF-8"?>
<!-- Generated by org.testng.reporters.JUnitReportReporter -->
<testsuite name="TestNG.SkipException" tests="1" time="14.714" ignored="0" failures="0" timestamp="22 Jun 2017 18:01:43 GMT" skipped="1" hostname="SHI58495EU1003F" errors="0">
  <testcase name="openURL" time="14.714" classname="TestNG.SkipException">
    <skipped/>
  </testcase> <!-- openURL -->
</testsuite> <!-- TestNG.SkipException -->
