<?xml version="1.0" encoding="UTF-8"?>
<!-- Generated by org.testng.reporters.JUnitReportReporter -->
<testsuite name="TestNG.alwaysRun" tests="1" time="0.010" ignored="0" failures="0" timestamp="22 Jun 2017 18:06:33 GMT" skipped="0" hostname="SHI58495EU1003F" errors="0">
  <testcase name="r" time="0.010" classname="TestNG.alwaysRun"/>
</testsuite> <!-- TestNG.alwaysRun -->
