<?xml version="1.0" encoding="UTF-8"?>
<!-- Generated by org.testng.reporters.JUnitReportReporter -->
<testsuite name="TestNG.ThreadPoolSize" tests="1" time="19.364" ignored="0" failures="0" timestamp="22 Jun 2017 17:21:00 GMT" skipped="0" hostname="SHI58495EU1003F" errors="0">
  <testcase name="openURL" time="19.364" classname="TestNG.ThreadPoolSize"/>
</testsuite> <!-- TestNG.ThreadPoolSize -->
