<?xml version="1.0" encoding="UTF-8"?>
<!-- Generated by org.testng.reporters.JUnitReportReporter -->
<testsuite name="SSLCertificate.SSLExample_FF" tests="1" time="2.154" ignored="0" failures="0" timestamp="16 Jul 2017 08:08:57 GMT" skipped="0" hostname="SHI58495EU1003F" errors="0">
  <testcase name="openApplication" time="2.154" classname="SSLCertificate.SSLExample_FF"/>
</testsuite> <!-- SSLCertificate.SSLExample_FF -->
