<?xml version="1.0" encoding="UTF-8"?>
<!-- Generated by org.testng.reporters.JUnitReportReporter -->
<testsuite name="TestNG.ThreadPoolSize" tests="1" time="23.484" ignored="0" failures="0" timestamp="15 Jul 2017 12:38:37 GMT" skipped="0" hostname="SHI58495EU1003F" errors="0">
  <testcase name="openURL" time="23.484" classname="TestNG.ThreadPoolSize"/>
</testsuite> <!-- TestNG.ThreadPoolSize -->
