<?xml version="1.0" encoding="UTF-8"?>
<!-- Generated by org.testng.reporters.JUnitReportReporter -->
<testsuite name="TestNG.InvocationCount" tests="1" time="19.852" ignored="0" failures="0" timestamp="22 Jun 2017 17:18:00 GMT" skipped="0" hostname="SHI58495EU1003F" errors="0">
  <testcase name="openURL" time="19.852" classname="TestNG.InvocationCount"/>
</testsuite> <!-- TestNG.InvocationCount -->
