<?xml version="1.0" encoding="UTF-8"?>
<!-- Generated by org.testng.reporters.JUnitReportReporter -->
<testsuite name="TestNG.ThreadPoolSize" tests="1" time="15.583" ignored="0" failures="0" timestamp="23 Sep 2017 02:39:11 GMT" skipped="0" hostname="SHI58495EU1003F" errors="0">
  <testcase name="openURL" time="15.583" classname="TestNG.ThreadPoolSize"/>
</testsuite> <!-- TestNG.ThreadPoolSize -->
