<?xml version="1.0" encoding="UTF-8"?>
<!-- Generated by org.testng.reporters.JUnitReportReporter -->
<testsuite name="TestNG.BasicTestNGFlow" tests="2" time="0.007" ignored="0" failures="0" timestamp="15 Jan 2018 18:26:05 GMT" skipped="0" hostname="SHI58495EU1003F" errors="0">
  <testcase name="test1" time="0.006" classname="TestNG.BasicTestNGFlow"/>
  <testcase name="test2" time="0.001" classname="TestNG.BasicTestNGFlow"/>
</testsuite> <!-- TestNG.BasicTestNGFlow -->
