<?xml version="1.0" encoding="UTF-8"?>
<!-- Generated by org.testng.reporters.JUnitReportReporter -->
<testsuite name="TestNG.Priority" tests="2" time="44.558" ignored="0" failures="0" timestamp="15 Dec 2017 13:07:01 GMT" skipped="0" hostname="SHI58495EU1003F" errors="0">
  <testcase name="b" time="20.135" classname="TestNG.Priority"/>
  <testcase name="a" time="24.423" classname="TestNG.Priority"/>
</testsuite> <!-- TestNG.Priority -->
