<?xml version="1.0" encoding="UTF-8"?>
<!-- Generated by org.testng.reporters.JUnitReportReporter -->
<testsuite name="SimplePOM.TestScriptPOMClass" tests="1" time="38.018" ignored="0" failures="0" timestamp="09 Aug 2017 05:08:50 GMT" skipped="0" hostname="SHI58495EU1003F" errors="0">
  <testcase name="verifyPOMLogin" time="38.018" classname="SimplePOM.TestScriptPOMClass"/>
</testsuite> <!-- SimplePOM.TestScriptPOMClass -->
